<?xml version="1.0" encoding="UTF-8"?>
<!-- Generated by org.testng.reporters.JUnitXMLReporter -->
<testsuite ignored="28" hostname="manish" failures="0" tests="1" name="Default test" time="92.871" errors="0" timestamp="09 May 2024 06:33:49 GMT">
  <testcase classname="Homepage.HomepageTest" name="leftArrow" time="31.413"/>
  <testcase classname="Homepage.HomepageTest" name="faceBookvisibility" time="0.0">
    <ignored/>
  </testcase> <!-- faceBookvisibility -->
  <testcase classname="Homepage.HomepageTest" name="ProjectClickable" time="0.0">
    <ignored/>
  </testcase> <!-- ProjectClickable -->
  <testcase classname="Homepage.HomepageTest" name="Enablehome" time="0.0">
    <ignored/>
  </testcase> <!-- Enablehome -->
  <testcase classname="Homepage.HomepageTest" name="EnableGetinContact" time="0.0">
    <ignored/>
  </testcase> <!-- EnableGetinContact -->
  <testcase classname="Homepage.HomepageTest" name="clicablehome" time="0.0">
    <ignored/>
  </testcase> <!-- clicablehome -->
  <testcase classname="Homepage.HomepageTest" name="linkedInclickable" time="0.0">
    <ignored/>
  </testcase> <!-- linkedInclickable -->
  <testcase classname="Homepage.HomepageTest" name="facebookclickable" time="0.0">
    <ignored/>
  </testcase> <!-- facebookclickable -->
  <testcase classname="Homepage.HomepageTest" name="Enableservices" time="0.0">
    <ignored/>
  </testcase> <!-- Enableservices -->
  <testcase classname="Homepage.HomepageTest" name="clickablgetincontact" time="0.0">
    <ignored/>
  </testcase> <!-- clickablgetincontact -->
  <testcase classname="Homepage.HomepageTest" name="EnableabousUs" time="0.0">
    <ignored/>
  </testcase> <!-- EnableabousUs -->
  <testcase classname="Homepage.HomepageTest" name="projectenable" time="0.0">
    <ignored/>
  </testcase> <!-- projectenable -->
  <testcase classname="Homepage.HomepageTest" name="visibleGetinCONTACT" time="0.0">
    <ignored/>
  </testcase> <!-- visibleGetinCONTACT -->
  <testcase classname="Homepage.HomepageTest" name="visibleaboutUs" time="0.0">
    <ignored/>
  </testcase> <!-- visibleaboutUs -->
  <testcase classname="Homepage.HomepageTest" name="instavisibility" time="0.0">
    <ignored/>
  </testcase> <!-- instavisibility -->
  <testcase classname="Homepage.HomepageTest" name="clickableaboutus" time="0.0">
    <ignored/>
  </testcase> <!-- clickableaboutus -->
  <testcase classname="Homepage.HomepageTest" name="rightArrow" time="0.0">
    <ignored/>
  </testcase> <!-- rightArrow -->
  <testcase classname="Homepage.HomepageTest" name="visibilityecu" time="0.0">
    <ignored/>
  </testcase> <!-- visibilityecu -->
  <testcase classname="Homepage.HomepageTest" name="faceBookenability" time="0.0">
    <ignored/>
  </testcase> <!-- faceBookenability -->
  <testcase classname="Homepage.HomepageTest" name="visibilityservices" time="0.0">
    <ignored/>
  </testcase> <!-- visibilityservices -->
  <testcase classname="Homepage.HomepageTest" name="clickableContactUs" time="0.0">
    <ignored/>
  </testcase> <!-- clickableContactUs -->
  <testcase classname="Homepage.HomepageTest" name="projectvisible" time="0.0">
    <ignored/>
  </testcase> <!-- projectvisible -->
  <testcase classname="Homepage.HomepageTest" name="Enableecu" time="0.0">
    <ignored/>
  </testcase> <!-- Enableecu -->
  <testcase classname="Homepage.HomepageTest" name="instaenability" time="0.0">
    <ignored/>
  </testcase> <!-- instaenability -->
  <testcase classname="Homepage.HomepageTest" name="linkedInvisibility" time="0.0">
    <ignored/>
  </testcase> <!-- linkedInvisibility -->
  <testcase classname="Homepage.HomepageTest" name="linkedInenability" time="0.0">
    <ignored/>
  </testcase> <!-- linkedInenability -->
  <testcase classname="Homepage.HomepageTest" name="instaclickable" time="0.0">
    <ignored/>
  </testcase> <!-- instaclickable -->
  <testcase classname="Homepage.HomepageTest" name="visibilityhome" time="0.0">
    <ignored/>
  </testcase> <!-- visibilityhome -->
  <testcase classname="Homepage.HomepageTest" name="clickableservices" time="0.0">
    <ignored/>
  </testcase> <!-- clickableservices -->
</testsuite> <!-- Default test -->
