<?xml version="1.0" encoding="UTF-8"?>
<!-- Generated by org.testng.reporters.JUnitXMLReporter -->
<testsuite ignored="0" hostname="LAPTOP-K64D2VSP" failures="0" tests="6" name="Default test" time="34.184" errors="0" timestamp="23 Jun 2024 07:05:01 GMT">
  <testcase classname="rajtensileconstruction.rajtensileconstruction.aboutusTest" name="aboutus" time="16.018"/>
  <testcase classname="rajtensileconstruction.rajtensileconstruction.aboutusTest" name="companyprof" time="0.206"/>
  <testcase classname="rajtensileconstruction.rajtensileconstruction.aboutusTest" name="yearexp" time="0.194"/>
  <testcase classname="rajtensileconstruction.rajtensileconstruction.aboutusTest" name="bstmatrl" time="0.193"/>
  <testcase classname="rajtensileconstruction.rajtensileconstruction.aboutusTest" name="profstnd" time="0.176"/>
  <testcase classname="rajtensileconstruction.rajtensileconstruction.aboutusTest" name="conctus" time="1.956"/>
</testsuite> <!-- Default test -->
