<?xml version="1.0" encoding="UTF-8"?>
<testng-results ignored="0" total="4" passed="4" failed="0" skipped="0">
  <reporter-output>
  </reporter-output>
  <suite started-at="2024-05-03T05:59:59Z" name="Default suite" finished-at="2024-05-03T06:00:24Z" duration-ms="25204">
    <groups>
    </groups>
    <test started-at="2024-05-03T05:59:59Z" name="Default test" finished-at="2024-05-03T06:00:24Z" duration-ms="25204">
      <class name="selenium.GetintouchTest">
        <test-method is-config="true" signature="navigate()[pri:0, instance:selenium.GetintouchTest@1494b84d]" started-at="2024-05-03T11:29:59Z" name="navigate" finished-at="2024-05-03T11:30:05Z" duration-ms="6728" status="PASS">
          <reporter-output>
          </reporter-output>
        </test-method> <!-- navigate -->
        <test-method signature="Click()[pri:1, instance:selenium.GetintouchTest@1494b84d]" started-at="2024-05-03T11:30:05Z" name="Click" finished-at="2024-05-03T11:30:10Z" duration-ms="4774" status="PASS">
          <reporter-output>
          </reporter-output>
        </test-method> <!-- Click -->
        <test-method signature="Office()[pri:2, instance:selenium.GetintouchTest@1494b84d]" started-at="2024-05-03T11:30:10Z" name="Office" finished-at="2024-05-03T11:30:15Z" duration-ms="4474" status="PASS">
          <reporter-output>
          </reporter-output>
        </test-method> <!-- Office -->
        <test-method signature="email()[pri:3, instance:selenium.GetintouchTest@1494b84d]" started-at="2024-05-03T11:30:15Z" name="email" finished-at="2024-05-03T11:30:19Z" duration-ms="4297" status="PASS">
          <reporter-output>
          </reporter-output>
        </test-method> <!-- email -->
        <test-method signature="Letstalk()[pri:4, instance:selenium.GetintouchTest@1494b84d]" started-at="2024-05-03T11:30:19Z" name="Letstalk" finished-at="2024-05-03T11:30:23Z" duration-ms="4275" status="PASS">
          <reporter-output>
          </reporter-output>
        </test-method> <!-- Letstalk -->
        <test-method is-config="true" signature="close()[pri:0, instance:selenium.GetintouchTest@1494b84d]" started-at="2024-05-03T11:30:23Z" name="close" finished-at="2024-05-03T11:30:24Z" duration-ms="588" status="PASS">
          <reporter-output>
          </reporter-output>
        </test-method> <!-- close -->
      </class> <!-- selenium.GetintouchTest -->
    </test> <!-- Default test -->
  </suite> <!-- Default suite -->
</testng-results>
